Using pre-set license
Built from '2020.3/staging' branch; Version is '2020.3.19f1 (68f137dc9bbe) revision 6877495'; Using compiler version '192528614'; Build Type 'Release'
OS: 'Windows 10 Home; OS build 22000.258; Version 2009; 64bit' Language: 'en' Physical Memory: 14188 MB
BatchMode: 1, IsHumanControllingUs: 0, StartBugReporterOnCrash: 0, Is64bit: 1, IsPro: 0

COMMAND LINE ARGUMENTS:
C:\Program Files\Unity\Hub\Editor\2020.3.19f1\Editor\Unity.exe
-adb2
-batchMode
-noUpm
-name
AssetImportWorker0
-projectPath
C:/Users/Vjspo/OneDrive/Dokumenti/GitHub/Game_Jam_3/Codename_Novska_Name_Pending
-logFile
Logs/AssetImportWorker0.log
-srvPort
61624
Successfully changed project path to: C:/Users/Vjspo/OneDrive/Dokumenti/GitHub/Game_Jam_3/Codename_Novska_Name_Pending
C:/Users/Vjspo/OneDrive/Dokumenti/GitHub/Game_Jam_3/Codename_Novska_Name_Pending
Using Asset Import Pipeline V2.
Refreshing native plugins compatible for Editor in 21.02 ms, found 2 plugins.
Preloading 0 native plugins for Editor in 0.00 ms.
Initialize engine version: 2020.3.19f1 (68f137dc9bbe)
[Subsystems] Discovering subsystems at path C:/Program Files/Unity/Hub/Editor/2020.3.19f1/Editor/Data/Resources/UnitySubsystems
[Subsystems] Discovering subsystems at path C:/Users/Vjspo/OneDrive/Dokumenti/GitHub/Game_Jam_3/Codename_Novska_Name_Pending/Assets
GfxDevice: creating device client; threaded=0
Direct3D:
    Version:  Direct3D 11.0 [level 11.1]
    Renderer: AMD Radeon(TM) Graphics (ID=0x1638)
    Vendor:   
    VRAM:     7094 MB
    Driver:   27.20.15026.8004
Initialize mono
Mono path[0] = 'C:/Program Files/Unity/Hub/Editor/2020.3.19f1/Editor/Data/Managed'
Mono path[1] = 'C:/Program Files/Unity/Hub/Editor/2020.3.19f1/Editor/Data/MonoBleedingEdge/lib/mono/unityjit'
Mono config path = 'C:/Program Files/Unity/Hub/Editor/2020.3.19f1/Editor/Data/MonoBleedingEdge/etc'
Using monoOptions --debugger-agent=transport=dt_socket,embedding=1,server=y,suspend=n,address=127.0.0.1:56692
Begin MonoManager ReloadAssembly
Registering precompiled unity dll's ...
Register platform support module: C:/Program Files/Unity/Hub/Editor/2020.3.19f1/Editor/Data/PlaybackEngines/WindowsStandaloneSupport/UnityEditor.WindowsStandalone.Extensions.dll
Registered in 0.001269 seconds.
Native extension for WindowsStandalone target not found
Refreshing native plugins compatible for Editor in 20.27 ms, found 2 plugins.
Preloading 0 native plugins for Editor in 0.00 ms.
Mono: successfully reloaded assembly
- Completed reload, in  1.265 seconds
Domain Reload Profiling:
	ReloadAssembly (1265ms)
		BeginReloadAssembly (38ms)
			ExecutionOrderSort (0ms)
			DisableScriptedObjects (0ms)
			BackupInstance (0ms)
			ReleaseScriptingObjects (0ms)
			CreateAndSetChildDomain (1ms)
		EndReloadAssembly (289ms)
			LoadAssemblies (37ms)
			RebuildTransferFunctionScriptingTraits (0ms)
			SetupTypeCache (98ms)
			ReleaseScriptCaches (0ms)
			RebuildScriptCaches (20ms)
			SetupLoadedEditorAssemblies (117ms)
				LogAssemblyErrors (0ms)
				InitializePlatformSupportModulesInManaged (3ms)
				SetLoadedEditorAssemblies (0ms)
				RefreshPlugins (20ms)
				BeforeProcessingInitializeOnLoad (14ms)
				ProcessInitializeOnLoadAttributes (59ms)
				ProcessInitializeOnLoadMethodAttributes (21ms)
				AfterProcessingInitializeOnLoad (0ms)
				EditorAssembliesLoaded (0ms)
			ExecutionOrderSort2 (0ms)
			AwakeInstancesAfterBackupRestoration (0ms)
Platform modules already initialized, skipping
Registering precompiled user dll's ...
Registered in 0.001782 seconds.
Begin MonoManager ReloadAssembly
Native extension for WindowsStandalone target not found
Refreshing native plugins compatible for Editor in 0.38 ms, found 2 plugins.
Preloading 0 native plugins for Editor in 0.00 ms.
Mono: successfully reloaded assembly
- Completed reload, in  0.692 seconds
Domain Reload Profiling:
	ReloadAssembly (693ms)
		BeginReloadAssembly (101ms)
			ExecutionOrderSort (0ms)
			DisableScriptedObjects (3ms)
			BackupInstance (0ms)
			ReleaseScriptingObjects (0ms)
			CreateAndSetChildDomain (17ms)
		EndReloadAssembly (548ms)
			LoadAssemblies (59ms)
			RebuildTransferFunctionScriptingTraits (0ms)
			SetupTypeCache (172ms)
			ReleaseScriptCaches (0ms)
			RebuildScriptCaches (27ms)
			SetupLoadedEditorAssemblies (225ms)
				LogAssemblyErrors (0ms)
				InitializePlatformSupportModulesInManaged (4ms)
				SetLoadedEditorAssemblies (0ms)
				RefreshPlugins (0ms)
				BeforeProcessingInitializeOnLoad (58ms)
				ProcessInitializeOnLoadAttributes (155ms)
				ProcessInitializeOnLoadMethodAttributes (3ms)
				AfterProcessingInitializeOnLoad (4ms)
				EditorAssembliesLoaded (0ms)
			ExecutionOrderSort2 (0ms)
			AwakeInstancesAfterBackupRestoration (5ms)
Platform modules already initialized, skipping
========================================================================
Worker process is ready to serve import requests
Launched and connected shader compiler UnityShaderCompiler.exe after 0.04 seconds
Refreshing native plugins compatible for Editor in 0.35 ms, found 2 plugins.
Preloading 0 native plugins for Editor in 0.00 ms.
Unloading 1397 Unused Serialized files (Serialized files now loaded: 0)
System memory in use before: 65.2 MB.
System memory in use after: 65.3 MB.

Unloading 16 unused Assets to reduce memory usage. Loaded Objects now: 1832.
Total: 2.374200 ms (FindLiveObjects: 0.134500 ms CreateObjectMapping: 0.033100 ms MarkObjects: 2.152100 ms  DeleteObjects: 0.053700 ms)

AssetImportParameters requested are different than current active one (requested -> active):
  custom:framework-win-MediaFoundation: 216162199b28c13a410421893ffa2e32 -> 
  custom:video-decoder-ogg-theora: a1e56fd34408186e4bbccfd4996cb3dc -> 
  custom:container-muxer-webm: aa71ff27fc2769a1b78a27578f13a17b -> 
  custom:container-demuxer-webm: 4f35f7cbe854078d1ac9338744f61a02 -> 
  custom:container-demuxer-ogg: 62fdf1f143b41e24485cea50d1cbac27 -> 
  custom:video-encoder-webm-vp8: eb34c28f22e8b96e1ab97ce403110664 -> 
  custom:video-codec-MediaFoundation-h265: 746d11721c4dcdbdad8f713fa42b33f4 -> 
  custom:video-decoder-webm-vp8: 9c59270c3fd7afecdb556c50c9e8de78 -> 
  custom:audio-decoder-ogg-vorbis: bf7c407c2cedff20999df2af8eb42d56 -> 
  custom:audio-encoder-webm-vorbis: bf7c407c2cedff20999df2af8eb42d56 -> 
========================================================================
Received Import Request.
  path: Assets/Scenes
  artifactKey: Guid(2a9f8af920f96134698cdb5f1bf7b4a2) Importer(815301076,1909f56bfc062723c751e8b465ee728b)
Start importing Assets/Scenes using Guid(2a9f8af920f96134698cdb5f1bf7b4a2) Importer(815301076,1909f56bfc062723c751e8b465ee728b)  -> (artifact id: '7b2fc58613df41d75057f2208f45184c') in 0.010183 seconds 
  Import took 0.012285 seconds .

========================================================================
Received Import Request.
  Time since last request: 0.000165 seconds.
  path: Assets/Scenes/SampleScene.unity
  artifactKey: Guid(9fc0d4010bbf28b4594072e72b8655ab) Importer(815301076,1909f56bfc062723c751e8b465ee728b)
Start importing Assets/Scenes/SampleScene.unity using Guid(9fc0d4010bbf28b4594072e72b8655ab) Importer(815301076,1909f56bfc062723c751e8b465ee728b)  -> (artifact id: '85059f4f9e1a832ed95adaa0d25c5c4c') in 0.011723 seconds 
  Import took 0.013629 seconds .

========================================================================
Received Import Request.
  Time since last request: 15.242853 seconds.
  path: Assets/Scenes/levelBlockout.unity
  artifactKey: Guid(9fc0d4010bbf28b4594072e72b8655ab) Importer(815301076,1909f56bfc062723c751e8b465ee728b)
Start importing Assets/Scenes/levelBlockout.unity using Guid(9fc0d4010bbf28b4594072e72b8655ab) Importer(815301076,1909f56bfc062723c751e8b465ee728b)  -> (artifact id: '452282b66eaace8240fdb1bd15895161') in 0.008150 seconds 
  Import took 0.011180 seconds .

========================================================================
Received Import Request.
  Time since last request: 15.677166 seconds.
  path: Assets
  artifactKey: Guid(00000000000000001000000000000000) Importer(815301076,1909f56bfc062723c751e8b465ee728b)
Start importing Assets using Guid(00000000000000001000000000000000) Importer(815301076,1909f56bfc062723c751e8b465ee728b)  -> (artifact id: '42d402b061de3733987d63b9cc3b64de') in 0.009603 seconds 
  Import took 0.012186 seconds .

========================================================================
Received Import Request.
  Time since last request: 746.513890 seconds.
  path: Assets/New Terrain.asset
  artifactKey: Guid(46ac1df96280c8c4a9101c221169cee9) Importer(815301076,1909f56bfc062723c751e8b465ee728b)
Start importing Assets/New Terrain.asset using Guid(46ac1df96280c8c4a9101c221169cee9) Importer(815301076,1909f56bfc062723c751e8b465ee728b)  -> (artifact id: '7f3d9f348df842f68da6d147e42cb603') in 0.030899 seconds 
  Import took 0.034690 seconds .

========================================================================
Received Import Request.
  Time since last request: 584.791315 seconds.
  path: Assets/New Terrain.asset
  artifactKey: Guid(46ac1df96280c8c4a9101c221169cee9) Importer(815301076,1909f56bfc062723c751e8b465ee728b)
Start importing Assets/New Terrain.asset using Guid(46ac1df96280c8c4a9101c221169cee9) Importer(815301076,1909f56bfc062723c751e8b465ee728b)  -> (artifact id: 'd2f2fad5fe7e2ff801609532df16aec6') in 0.008339 seconds 
  Import took 0.011214 seconds .

========================================================================
Received Import Request.
  Time since last request: 1907.250610 seconds.
  path: Assets/Novska.png
  artifactKey: Guid(35d92a21221d5ae46bd0e26595d7b9db) Importer(815301076,1909f56bfc062723c751e8b465ee728b)
Start importing Assets/Novska.png using Guid(35d92a21221d5ae46bd0e26595d7b9db) Importer(815301076,1909f56bfc062723c751e8b465ee728b)  -> (artifact id: '68078fcca918fb5c17887b441012730e') in 0.072573 seconds 
  Import took 0.077329 seconds .

========================================================================
Received Import Request.
  Time since last request: 1041.566001 seconds.
  path: Assets/Map_RedNeeded_BlueOptional.PNG
  artifactKey: Guid(4d806705c48c40e46a3875ae2e534619) Importer(815301076,1909f56bfc062723c751e8b465ee728b)
Start importing Assets/Map_RedNeeded_BlueOptional.PNG using Guid(4d806705c48c40e46a3875ae2e534619) Importer(815301076,1909f56bfc062723c751e8b465ee728b)  -> (artifact id: '3b2e5cadb4c5f34af8abee808532c60e') in 0.029269 seconds 
  Import took 0.033595 seconds .

========================================================================
Received Import Request.
  Time since last request: 539.270891 seconds.
  path: Assets/3D Building
  artifactKey: Guid(0b193980436e9c542962276102ae2306) Importer(815301076,1909f56bfc062723c751e8b465ee728b)
Start importing Assets/3D Building using Guid(0b193980436e9c542962276102ae2306) Importer(815301076,1909f56bfc062723c751e8b465ee728b)  -> (artifact id: '1bac8340c14b21c2cd40777b1fd0e14e') in 0.012593 seconds 
  Import took 0.017582 seconds .

========================================================================
Received Import Request.
  Time since last request: 0.725459 seconds.
  path: Assets/3D Building/Building 1
  artifactKey: Guid(2a4350617853dc74c89a294a45b25116) Importer(815301076,1909f56bfc062723c751e8b465ee728b)
Start importing Assets/3D Building/Building 1 using Guid(2a4350617853dc74c89a294a45b25116) Importer(815301076,1909f56bfc062723c751e8b465ee728b)  -> (artifact id: 'c6a50758c30e17d679864354b3c2c04b') in 0.015333 seconds 
  Import took 0.019113 seconds .

========================================================================
Received Import Request.
  Time since last request: 3.737514 seconds.
  path: Assets/Materials/Map_RedNeeded_BlueOptional.mat
  artifactKey: Guid(80de63cfd8d170f49a9d02e6f28ffcda) Importer(815301076,1909f56bfc062723c751e8b465ee728b)
Start importing Assets/Materials/Map_RedNeeded_BlueOptional.mat using Guid(80de63cfd8d170f49a9d02e6f28ffcda) Importer(815301076,1909f56bfc062723c751e8b465ee728b)  -> (artifact id: '2c7e98f63bbf977a658706a33cf80a24') in 0.116030 seconds 
  Import took 0.119745 seconds .

========================================================================
Received Import Request.
  Time since last request: 0.000264 seconds.
  path: Assets/Materials/Novska.mat
  artifactKey: Guid(f537e2afefc51014aad5fa24aa58dd90) Importer(815301076,1909f56bfc062723c751e8b465ee728b)
Start importing Assets/Materials/Novska.mat using Guid(f537e2afefc51014aad5fa24aa58dd90) Importer(815301076,1909f56bfc062723c751e8b465ee728b)  -> (artifact id: '6ee1d1ad33f5645d8e4e474237c1a3c2') in 0.020879 seconds 
  Import took 0.024111 seconds .

========================================================================
Received Import Request.
  Time since last request: 111.515158 seconds.
  path: Assets/3D Building/Building 1/Building 1.svg
  artifactKey: Guid(f9a1eaf9bab57cd4aba227e1797b0505) Importer(815301076,1909f56bfc062723c751e8b465ee728b)
Start importing Assets/3D Building/Building 1/Building 1.svg using Guid(f9a1eaf9bab57cd4aba227e1797b0505) Importer(815301076,1909f56bfc062723c751e8b465ee728b)  -> (artifact id: '90d676509a9e4aa3f2bb3e8482ed6201') in 0.007510 seconds 
  Import took 0.012205 seconds .

========================================================================
Received Import Request.
  Time since last request: 28.187900 seconds.
  path: Assets/3D Building/Building 1/Building 1.sh3d
  artifactKey: Guid(65a5511470efbf648a78af488ffd9ed8) Importer(815301076,1909f56bfc062723c751e8b465ee728b)
Start importing Assets/3D Building/Building 1/Building 1.sh3d using Guid(65a5511470efbf648a78af488ffd9ed8) Importer(815301076,1909f56bfc062723c751e8b465ee728b)  -> (artifact id: 'f20c7d7db1a9f68d3180d9af5cfaffba') in 0.007285 seconds 
  Import took 0.011348 seconds .

========================================================================
Received Import Request.
  Time since last request: 165.303626 seconds.
  path: Assets/3D Building/Building 1/Building 1.obj
  artifactKey: Guid(a6113245e9b516d43a946fa07d24a3b8) Importer(815301076,1909f56bfc062723c751e8b465ee728b)
Start importing Assets/3D Building/Building 1/Building 1.obj using Guid(a6113245e9b516d43a946fa07d24a3b8) Importer(815301076,1909f56bfc062723c751e8b465ee728b)  -> (artifact id: 'cecd1f6689090e6913d07967c65d3ccc') in 18.497744 seconds 
  Import took 18.538344 seconds .

========================================================================
Received Import Request.
  Time since last request: 2270.863904 seconds.
  path: Assets/Standard Assets/Characters
  artifactKey: Guid(8c32f58513a41ef4dab9cb7704c5fb92) Importer(815301076,1909f56bfc062723c751e8b465ee728b)
Start importing Assets/Standard Assets/Characters using Guid(8c32f58513a41ef4dab9cb7704c5fb92) Importer(815301076,1909f56bfc062723c751e8b465ee728b)  -> (artifact id: '2ed30adbe8a1c3b5a1936a139fc95024') in 0.013707 seconds 
  Import took 0.018601 seconds .

========================================================================
Received Import Request.
  Time since last request: 0.651723 seconds.
  path: Assets/Standard Assets/Characters/FirstPersonCharacter
  artifactKey: Guid(943e057eaae705e43b9e9b2e53d6adb0) Importer(815301076,1909f56bfc062723c751e8b465ee728b)
Start importing Assets/Standard Assets/Characters/FirstPersonCharacter using Guid(943e057eaae705e43b9e9b2e53d6adb0) Importer(815301076,1909f56bfc062723c751e8b465ee728b)  -> (artifact id: 'b076c045d807e8a0c94b3845103f6f47') in 0.015639 seconds 
  Import took 0.019899 seconds .

========================================================================
Received Import Request.
  Time since last request: 1.294778 seconds.
  path: Assets/Standard Assets/Characters/FirstPersonCharacter/Prefabs
  artifactKey: Guid(0bfb2599080d5d24e84362b4ae314ae7) Importer(815301076,1909f56bfc062723c751e8b465ee728b)
Start importing Assets/Standard Assets/Characters/FirstPersonCharacter/Prefabs using Guid(0bfb2599080d5d24e84362b4ae314ae7) Importer(815301076,1909f56bfc062723c751e8b465ee728b)  -> (artifact id: 'be257b5b1748ad9f1e897f337746f1a9') in 0.012003 seconds 
  Import took 0.016390 seconds .

========================================================================
Received Import Request.
  Time since last request: 0.058472 seconds.
  path: Assets/Standard Assets/Characters/FirstPersonCharacter/Prefabs/FPSController.prefab
  artifactKey: Guid(5e9e851c0e142814dac026a256ba2ac0) Importer(815301076,1909f56bfc062723c751e8b465ee728b)
Start importing Assets/Standard Assets/Characters/FirstPersonCharacter/Prefabs/FPSController.prefab using Guid(5e9e851c0e142814dac026a256ba2ac0) Importer(815301076,1909f56bfc062723c751e8b465ee728b)  -> (artifact id: 'a6dbfbb888fab3bd6659fc24cfa900c1') in 0.032555 seconds 
  Import took 0.036945 seconds .

========================================================================
Received Import Request.
  Time since last request: 0.000292 seconds.
  path: Assets/Standard Assets/Characters/FirstPersonCharacter/Prefabs/RigidBodyFPSController.prefab
  artifactKey: Guid(c6453f8e1f814744d8b94e5a6d1f9942) Importer(815301076,1909f56bfc062723c751e8b465ee728b)
Start importing Assets/Standard Assets/Characters/FirstPersonCharacter/Prefabs/RigidBodyFPSController.prefab using Guid(c6453f8e1f814744d8b94e5a6d1f9942) Importer(815301076,1909f56bfc062723c751e8b465ee728b)  -> (artifact id: '932e4dd34e7442f18906b870abcb76ae') in 0.016944 seconds 
  Import took 0.021014 seconds .

========================================================================
Received Import Request.
  Time since last request: 29.588482 seconds.
  path: Assets/Standard Assets/Characters/FirstPersonCharacter/Audio/Footstep01.wav
  artifactKey: Guid(42e65e088b3f4374e851b8dbd38f3df9) Importer(815301076,1909f56bfc062723c751e8b465ee728b)
Start importing Assets/Standard Assets/Characters/FirstPersonCharacter/Audio/Footstep01.wav using Guid(42e65e088b3f4374e851b8dbd38f3df9) Importer(815301076,1909f56bfc062723c751e8b465ee728b)  -> (artifact id: '6f19e56ffb1fd5e69243c1612639d5bb') in 0.083546 seconds 
  Import took 0.086577 seconds .

========================================================================
Received Import Request.
  Time since last request: 0.000272 seconds.
  path: Assets/Standard Assets/Characters/FirstPersonCharacter/Audio/Land.wav
  artifactKey: Guid(3b09d59f4499d45428baa7a21e954296) Importer(815301076,1909f56bfc062723c751e8b465ee728b)
Start importing Assets/Standard Assets/Characters/FirstPersonCharacter/Audio/Land.wav using Guid(3b09d59f4499d45428baa7a21e954296) Importer(815301076,1909f56bfc062723c751e8b465ee728b)  -> (artifact id: '23ad5a3fadde9515fe11dd14fa4ce2b9') in 0.015826 seconds 
  Import took 0.018470 seconds .

========================================================================
Received Import Request.
  Time since last request: 0.000257 seconds.
  path: Assets/Standard Assets/Characters/FirstPersonCharacter/Audio/Footstep03.wav
  artifactKey: Guid(5a9383dda6cabc047b7a297602e93eb4) Importer(815301076,1909f56bfc062723c751e8b465ee728b)
Start importing Assets/Standard Assets/Characters/FirstPersonCharacter/Audio/Footstep03.wav using Guid(5a9383dda6cabc047b7a297602e93eb4) Importer(815301076,1909f56bfc062723c751e8b465ee728b)  -> (artifact id: '2524d28835e091d63df629bec4f64a88') in 0.017148 seconds 
  Import took 0.019692 seconds .

========================================================================
Received Import Request.
  Time since last request: 0.000253 seconds.
  path: Assets/Standard Assets/Characters/FirstPersonCharacter/Audio/Footstep02.wav
  artifactKey: Guid(8bc94ec6ed537e743b481638bdcd503d) Importer(815301076,1909f56bfc062723c751e8b465ee728b)
Start importing Assets/Standard Assets/Characters/FirstPersonCharacter/Audio/Footstep02.wav using Guid(8bc94ec6ed537e743b481638bdcd503d) Importer(815301076,1909f56bfc062723c751e8b465ee728b)  -> (artifact id: 'eb48e48580c1cb248f75e0789dde7591') in 0.015267 seconds 
  Import took 0.017834 seconds .

========================================================================
Received Import Request.
  Time since last request: 0.000337 seconds.
  path: Assets/Standard Assets/Characters/FirstPersonCharacter/Audio/Jump.wav
  artifactKey: Guid(5897aeed9b676024fbb8c694b421a861) Importer(815301076,1909f56bfc062723c751e8b465ee728b)
Start importing Assets/Standard Assets/Characters/FirstPersonCharacter/Audio/Jump.wav using Guid(5897aeed9b676024fbb8c694b421a861) Importer(815301076,1909f56bfc062723c751e8b465ee728b)  -> (artifact id: '0001653149b2b5ca020bbaacb20ec860') in 0.015036 seconds 
  Import took 0.018171 seconds .

========================================================================
Received Import Request.
  Time since last request: 0.000219 seconds.
  path: Assets/Standard Assets/Characters/FirstPersonCharacter/Audio/Footstep04.wav
  artifactKey: Guid(e9714160ce34f2b4ab63ff8c27bd68e1) Importer(815301076,1909f56bfc062723c751e8b465ee728b)
Start importing Assets/Standard Assets/Characters/FirstPersonCharacter/Audio/Footstep04.wav using Guid(e9714160ce34f2b4ab63ff8c27bd68e1) Importer(815301076,1909f56bfc062723c751e8b465ee728b)  -> (artifact id: 'd7b0d5982604dd3c0f53b1718237dea4') in 0.015846 seconds 
  Import took 0.018470 seconds .

========================================================================
Received Import Request.
  Time since last request: 3.756818 seconds.
  path: Assets/Standard Assets/Characters/FirstPersonCharacter/Scripts/FirstPersonController.cs
  artifactKey: Guid(05ec5cf00ca181d45a42ba1870e148c3) Importer(815301076,1909f56bfc062723c751e8b465ee728b)
Start importing Assets/Standard Assets/Characters/FirstPersonCharacter/Scripts/FirstPersonController.cs using Guid(05ec5cf00ca181d45a42ba1870e148c3) Importer(815301076,1909f56bfc062723c751e8b465ee728b)  -> (artifact id: 'd7d0724732fc87ca51a0e09a65c673da') in 0.014637 seconds 
  Import took 0.019002 seconds .

========================================================================
Received Prepare
Registering precompiled user dll's ...
Registered in 0.002633 seconds.
Begin MonoManager ReloadAssembly
Native extension for WindowsStandalone target not found
Refreshing native plugins compatible for Editor in 0.38 ms, found 2 plugins.
Preloading 0 native plugins for Editor in 0.00 ms.
Mono: successfully reloaded assembly
- Completed reload, in  0.877 seconds
Domain Reload Profiling:
	ReloadAssembly (878ms)
		BeginReloadAssembly (155ms)
			ExecutionOrderSort (0ms)
			DisableScriptedObjects (7ms)
			BackupInstance (0ms)
			ReleaseScriptingObjects (0ms)
			CreateAndSetChildDomain (80ms)
		EndReloadAssembly (664ms)
			LoadAssemblies (78ms)
			RebuildTransferFunctionScriptingTraits (0ms)
			SetupTypeCache (221ms)
			ReleaseScriptCaches (1ms)
			RebuildScriptCaches (32ms)
			SetupLoadedEditorAssemblies (255ms)
				LogAssemblyErrors (0ms)
				InitializePlatformSupportModulesInManaged (4ms)
				SetLoadedEditorAssemblies (0ms)
				RefreshPlugins (0ms)
				BeforeProcessingInitializeOnLoad (65ms)
				ProcessInitializeOnLoadAttributes (175ms)
				ProcessInitializeOnLoadMethodAttributes (4ms)
				AfterProcessingInitializeOnLoad (5ms)
				EditorAssembliesLoaded (0ms)
			ExecutionOrderSort2 (0ms)
			AwakeInstancesAfterBackupRestoration (7ms)
Platform modules already initialized, skipping
Refreshing native plugins compatible for Editor in 0.40 ms, found 2 plugins.
Preloading 0 native plugins for Editor in 0.00 ms.
Unloading 1391 Unused Serialized files (Serialized files now loaded: 0)
System memory in use before: 75.5 MB.
System memory in use after: 75.0 MB.

Unloading 13 unused Assets to reduce memory usage. Loaded Objects now: 1881.
Total: 3.217200 ms (FindLiveObjects: 0.154200 ms CreateObjectMapping: 0.053600 ms MarkObjects: 2.667900 ms  DeleteObjects: 0.340500 ms)

AssetImportParameters requested are different than current active one (requested -> active):
  custom:framework-win-MediaFoundation: 216162199b28c13a410421893ffa2e32 -> 
  custom:video-decoder-ogg-theora: a1e56fd34408186e4bbccfd4996cb3dc -> 
  custom:container-muxer-webm: aa71ff27fc2769a1b78a27578f13a17b -> 
  custom:container-demuxer-webm: 4f35f7cbe854078d1ac9338744f61a02 -> 
  custom:container-demuxer-ogg: 62fdf1f143b41e24485cea50d1cbac27 -> 
  custom:video-encoder-webm-vp8: eb34c28f22e8b96e1ab97ce403110664 -> 
  custom:video-codec-MediaFoundation-h265: 746d11721c4dcdbdad8f713fa42b33f4 -> 
  custom:video-decoder-webm-vp8: 9c59270c3fd7afecdb556c50c9e8de78 -> 
  custom:audio-decoder-ogg-vorbis: bf7c407c2cedff20999df2af8eb42d56 -> 
  custom:audio-encoder-webm-vorbis: bf7c407c2cedff20999df2af8eb42d56 -> 
========================================================================
Received Import Request.
  Time since last request: 51.851576 seconds.
  path: Assets/New Terrain.asset
  artifactKey: Guid(46ac1df96280c8c4a9101c221169cee9) Importer(815301076,1909f56bfc062723c751e8b465ee728b)
Start importing Assets/New Terrain.asset using Guid(46ac1df96280c8c4a9101c221169cee9) Importer(815301076,1909f56bfc062723c751e8b465ee728b)  -> (artifact id: '1ebe2611cc5f1e56e9dd74ada5175d11') in 0.025815 seconds 
  Import took 0.028484 seconds .

========================================================================
Received Import Request.
  Time since last request: 416.007602 seconds.
  path: Assets/Standard Assets/Utility/SimpleActivatorMenu.cs
  artifactKey: Guid(69b69a5b0e0a85b4aa97a7edc40c37d1) Importer(815301076,1909f56bfc062723c751e8b465ee728b)
Start importing Assets/Standard Assets/Utility/SimpleActivatorMenu.cs using Guid(69b69a5b0e0a85b4aa97a7edc40c37d1) Importer(815301076,1909f56bfc062723c751e8b465ee728b)  -> (artifact id: '552e3fe06e25ca657b305d775251df73') in 0.014230 seconds 
  Import took 0.018407 seconds .

========================================================================
Received Import Request.
  Time since last request: 1.379253 seconds.
  path: Assets/Standard Assets/Utility/SimpleMouseRotator.cs
  artifactKey: Guid(cadd54e4832aeef4b9359f44cbe335cd) Importer(815301076,1909f56bfc062723c751e8b465ee728b)
Start importing Assets/Standard Assets/Utility/SimpleMouseRotator.cs using Guid(cadd54e4832aeef4b9359f44cbe335cd) Importer(815301076,1909f56bfc062723c751e8b465ee728b)  -> (artifact id: '1e26bdde908bb988bdaba1185cb48ff2') in 0.009510 seconds 
  Import took 0.012373 seconds .

========================================================================
Received Prepare
Registering precompiled user dll's ...
Registered in 0.002338 seconds.
Begin MonoManager ReloadAssembly
Native extension for WindowsStandalone target not found
Refreshing native plugins compatible for Editor in 0.53 ms, found 2 plugins.
Preloading 0 native plugins for Editor in 0.00 ms.
[ScriptCompilation] NOT recompiling all scripts because this is an import worker process. Reason to compile was: Define symbols changed
Mono: successfully reloaded assembly
- Completed reload, in  0.739 seconds
Domain Reload Profiling:
	ReloadAssembly (739ms)
		BeginReloadAssembly (101ms)
			ExecutionOrderSort (0ms)
			DisableScriptedObjects (4ms)
			BackupInstance (0ms)
			ReleaseScriptingObjects (0ms)
			CreateAndSetChildDomain (38ms)
		EndReloadAssembly (590ms)
			LoadAssemblies (68ms)
			RebuildTransferFunctionScriptingTraits (0ms)
			SetupTypeCache (187ms)
			ReleaseScriptCaches (1ms)
			RebuildScriptCaches (26ms)
			SetupLoadedEditorAssemblies (240ms)
				LogAssemblyErrors (0ms)
				InitializePlatformSupportModulesInManaged (4ms)
				SetLoadedEditorAssemblies (0ms)
				RefreshPlugins (1ms)
				BeforeProcessingInitializeOnLoad (61ms)
				ProcessInitializeOnLoadAttributes (165ms)
				ProcessInitializeOnLoadMethodAttributes (4ms)
				AfterProcessingInitializeOnLoad (5ms)
				EditorAssembliesLoaded (0ms)
			ExecutionOrderSort2 (0ms)
			AwakeInstancesAfterBackupRestoration (5ms)
Platform modules already initialized, skipping
Refreshing native plugins compatible for Editor in 0.43 ms, found 2 plugins.
Preloading 0 native plugins for Editor in 0.00 ms.
Unloading 1512 Unused Serialized files (Serialized files now loaded: 0)
System memory in use before: 87.3 MB.
System memory in use after: 82.5 MB.

Unloading 33 unused Assets to reduce memory usage. Loaded Objects now: 1989.
Total: 5.036600 ms (FindLiveObjects: 0.196200 ms CreateObjectMapping: 0.038400 ms MarkObjects: 2.383400 ms  DeleteObjects: 2.417600 ms)

AssetImportParameters requested are different than current active one (requested -> active):
  custom:framework-win-MediaFoundation: 216162199b28c13a410421893ffa2e32 -> 
  custom:video-decoder-ogg-theora: a1e56fd34408186e4bbccfd4996cb3dc -> 
  custom:container-muxer-webm: aa71ff27fc2769a1b78a27578f13a17b -> 
  custom:container-demuxer-webm: 4f35f7cbe854078d1ac9338744f61a02 -> 
  custom:container-demuxer-ogg: 62fdf1f143b41e24485cea50d1cbac27 -> 
  custom:video-encoder-webm-vp8: eb34c28f22e8b96e1ab97ce403110664 -> 
  custom:video-codec-MediaFoundation-h265: 746d11721c4dcdbdad8f713fa42b33f4 -> 
  custom:video-decoder-webm-vp8: 9c59270c3fd7afecdb556c50c9e8de78 -> 
  custom:audio-decoder-ogg-vorbis: bf7c407c2cedff20999df2af8eb42d56 -> 
  custom:audio-encoder-webm-vorbis: bf7c407c2cedff20999df2af8eb42d56 -> 
========================================================================
Received Prepare
Registering precompiled user dll's ...
Registered in 0.011378 seconds.
Begin MonoManager ReloadAssembly
Native extension for WindowsStandalone target not found
Refreshing native plugins compatible for Editor in 0.67 ms, found 2 plugins.
Preloading 0 native plugins for Editor in 0.00 ms.
[ScriptCompilation] NOT recompiling all scripts because this is an import worker process. Reason to compile was: Define symbols changed
Mono: successfully reloaded assembly
- Completed reload, in  0.897 seconds
Domain Reload Profiling:
	ReloadAssembly (898ms)
		BeginReloadAssembly (113ms)
			ExecutionOrderSort (0ms)
			DisableScriptedObjects (5ms)
			BackupInstance (0ms)
			ReleaseScriptingObjects (0ms)
			CreateAndSetChildDomain (41ms)
		EndReloadAssembly (728ms)
			LoadAssemblies (77ms)
			RebuildTransferFunctionScriptingTraits (0ms)
			SetupTypeCache (241ms)
			ReleaseScriptCaches (1ms)
			RebuildScriptCaches (33ms)
			SetupLoadedEditorAssemblies (289ms)
				LogAssemblyErrors (0ms)
				InitializePlatformSupportModulesInManaged (5ms)
				SetLoadedEditorAssemblies (1ms)
				RefreshPlugins (1ms)
				BeforeProcessingInitializeOnLoad (66ms)
				ProcessInitializeOnLoadAttributes (209ms)
				ProcessInitializeOnLoadMethodAttributes (4ms)
				AfterProcessingInitializeOnLoad (5ms)
				EditorAssembliesLoaded (0ms)
			ExecutionOrderSort2 (0ms)
			AwakeInstancesAfterBackupRestoration (6ms)
Platform modules already initialized, skipping
Refreshing native plugins compatible for Editor in 0.58 ms, found 2 plugins.
Preloading 0 native plugins for Editor in 0.00 ms.
Unloading 1511 Unused Serialized files (Serialized files now loaded: 0)
System memory in use before: 86.6 MB.
System memory in use after: 82.4 MB.

Unloading 31 unused Assets to reduce memory usage. Loaded Objects now: 1991.
Total: 8.143100 ms (FindLiveObjects: 0.556800 ms CreateObjectMapping: 0.091200 ms MarkObjects: 3.948200 ms  DeleteObjects: 3.544500 ms)

AssetImportParameters requested are different than current active one (requested -> active):
  custom:framework-win-MediaFoundation: 216162199b28c13a410421893ffa2e32 -> 
  custom:video-decoder-ogg-theora: a1e56fd34408186e4bbccfd4996cb3dc -> 
  custom:container-muxer-webm: aa71ff27fc2769a1b78a27578f13a17b -> 
  custom:container-demuxer-webm: 4f35f7cbe854078d1ac9338744f61a02 -> 
  custom:container-demuxer-ogg: 62fdf1f143b41e24485cea50d1cbac27 -> 
  custom:video-encoder-webm-vp8: eb34c28f22e8b96e1ab97ce403110664 -> 
  custom:video-codec-MediaFoundation-h265: 746d11721c4dcdbdad8f713fa42b33f4 -> 
  custom:video-decoder-webm-vp8: 9c59270c3fd7afecdb556c50c9e8de78 -> 
  custom:audio-decoder-ogg-vorbis: bf7c407c2cedff20999df2af8eb42d56 -> 
  custom:audio-encoder-webm-vorbis: bf7c407c2cedff20999df2af8eb42d56 -> 
========================================================================
Received Prepare
Registering precompiled user dll's ...
Registered in 0.002363 seconds.
Begin MonoManager ReloadAssembly
Native extension for WindowsStandalone target not found
Refreshing native plugins compatible for Editor in 0.89 ms, found 2 plugins.
Preloading 0 native plugins for Editor in 0.00 ms.
[ScriptCompilation] NOT recompiling all scripts because this is an import worker process. Reason to compile was: Define symbols changed
Mono: successfully reloaded assembly
- Completed reload, in  1.422 seconds
Domain Reload Profiling:
	ReloadAssembly (1423ms)
		BeginReloadAssembly (178ms)
			ExecutionOrderSort (0ms)
			DisableScriptedObjects (7ms)
			BackupInstance (0ms)
			ReleaseScriptingObjects (0ms)
			CreateAndSetChildDomain (61ms)
		EndReloadAssembly (1148ms)
			LoadAssemblies (131ms)
			RebuildTransferFunctionScriptingTraits (0ms)
			SetupTypeCache (374ms)
			ReleaseScriptCaches (2ms)
			RebuildScriptCaches (52ms)
			SetupLoadedEditorAssemblies (463ms)
				LogAssemblyErrors (0ms)
				InitializePlatformSupportModulesInManaged (8ms)
				SetLoadedEditorAssemblies (1ms)
				RefreshPlugins (1ms)
				BeforeProcessingInitializeOnLoad (117ms)
				ProcessInitializeOnLoadAttributes (321ms)
				ProcessInitializeOnLoadMethodAttributes (7ms)
				AfterProcessingInitializeOnLoad (8ms)
				EditorAssembliesLoaded (1ms)
			ExecutionOrderSort2 (0ms)
			AwakeInstancesAfterBackupRestoration (11ms)
Platform modules already initialized, skipping
Refreshing native plugins compatible for Editor in 0.78 ms, found 2 plugins.
Preloading 0 native plugins for Editor in 0.00 ms.
Unloading 1511 Unused Serialized files (Serialized files now loaded: 0)
System memory in use before: 86.8 MB.
System memory in use after: 82.4 MB.

Unloading 31 unused Assets to reduce memory usage. Loaded Objects now: 1993.
Total: 9.823800 ms (FindLiveObjects: 0.511300 ms CreateObjectMapping: 0.102400 ms MarkObjects: 4.619200 ms  DeleteObjects: 4.588400 ms)

AssetImportParameters requested are different than current active one (requested -> active):
  custom:framework-win-MediaFoundation: 216162199b28c13a410421893ffa2e32 -> 
  custom:video-decoder-ogg-theora: a1e56fd34408186e4bbccfd4996cb3dc -> 
  custom:container-muxer-webm: aa71ff27fc2769a1b78a27578f13a17b -> 
  custom:container-demuxer-webm: 4f35f7cbe854078d1ac9338744f61a02 -> 
  custom:container-demuxer-ogg: 62fdf1f143b41e24485cea50d1cbac27 -> 
  custom:video-encoder-webm-vp8: eb34c28f22e8b96e1ab97ce403110664 -> 
  custom:video-codec-MediaFoundation-h265: 746d11721c4dcdbdad8f713fa42b33f4 -> 
  custom:video-decoder-webm-vp8: 9c59270c3fd7afecdb556c50c9e8de78 -> 
  custom:audio-decoder-ogg-vorbis: bf7c407c2cedff20999df2af8eb42d56 -> 
  custom:audio-encoder-webm-vorbis: bf7c407c2cedff20999df2af8eb42d56 -> 
========================================================================
Received Import Request.
  Time since last request: 2149.821380 seconds.
  path: Assets/POLYGON city pack/Materials
  artifactKey: Guid(25a3e4884eb11774bbce8c47423058ad) Importer(815301076,1909f56bfc062723c751e8b465ee728b)
Start importing Assets/POLYGON city pack/Materials using Guid(25a3e4884eb11774bbce8c47423058ad) Importer(815301076,1909f56bfc062723c751e8b465ee728b)  -> (artifact id: '1f820c9fa4fd929218c1771d39347e38') in 0.060374 seconds 
  Import took 0.064714 seconds .

========================================================================
Received Import Request.
  Time since last request: 0.018986 seconds.
  path: Assets/POLYGON city pack/Materials/Day.mat
  artifactKey: Guid(dfd5fe4561034804291bb92fffe808d9) Importer(815301076,1909f56bfc062723c751e8b465ee728b)
Start importing Assets/POLYGON city pack/Materials/Day.mat using Guid(dfd5fe4561034804291bb92fffe808d9) Importer(815301076,1909f56bfc062723c751e8b465ee728b)  -> (artifact id: '9517d11d8255e1c17e92cf9f8e2a9ba9') in 0.151743 seconds 
  Import took 0.156546 seconds .

========================================================================
Received Import Request.
  Time since last request: 0.000251 seconds.
  path: Assets/POLYGON city pack/Materials/Night.mat
  artifactKey: Guid(2693a75b9cc71fb4bae0674a2e512e59) Importer(815301076,1909f56bfc062723c751e8b465ee728b)
Start importing Assets/POLYGON city pack/Materials/Night.mat using Guid(2693a75b9cc71fb4bae0674a2e512e59) Importer(815301076,1909f56bfc062723c751e8b465ee728b)  -> (artifact id: 'c89dffd64e2a56f755b3ba2b72f9efad') in 0.022028 seconds 
  Import took 0.025813 seconds .

========================================================================
Received Import Request.
  Time since last request: 6.044613 seconds.
  path: Assets/POLYGON city pack/Prefabs/Buildings
  artifactKey: Guid(a56c14f3d9b631d4d8914c91cc3d33f3) Importer(815301076,1909f56bfc062723c751e8b465ee728b)
Start importing Assets/POLYGON city pack/Prefabs/Buildings using Guid(a56c14f3d9b631d4d8914c91cc3d33f3) Importer(815301076,1909f56bfc062723c751e8b465ee728b)  -> (artifact id: '2ba6ef00b52d03105b35668cb5c021ad') in 0.051137 seconds 
  Import took 0.055198 seconds .

========================================================================
Received Import Request.
  Time since last request: 0.000239 seconds.
  path: Assets/POLYGON city pack/Prefabs/Buildings/Building_D1_prefab.prefab
  artifactKey: Guid(f9526b7c12770f14aa830082aa6d9b45) Importer(815301076,1909f56bfc062723c751e8b465ee728b)
Start importing Assets/POLYGON city pack/Prefabs/Buildings/Building_D1_prefab.prefab using Guid(f9526b7c12770f14aa830082aa6d9b45) Importer(815301076,1909f56bfc062723c751e8b465ee728b)  -> (artifact id: '61513aa1650d9e8b2dc8ac4621162827') in 0.180550 seconds 
  Import took 0.184023 seconds .

========================================================================
Received Import Request.
  Time since last request: 0.000261 seconds.
  path: Assets/POLYGON city pack/Prefabs/Buildings/Building_I_3_prefab.prefab
  artifactKey: Guid(6f3dc1314311772438667865ceda9b08) Importer(815301076,1909f56bfc062723c751e8b465ee728b)
Start importing Assets/POLYGON city pack/Prefabs/Buildings/Building_I_3_prefab.prefab using Guid(6f3dc1314311772438667865ceda9b08) Importer(815301076,1909f56bfc062723c751e8b465ee728b)  -> (artifact id: '84473b4dcfc658310000b39816d4aa97') in 0.025792 seconds 
  Import took 0.029879 seconds .

========================================================================
Received Import Request.
  Time since last request: 0.000534 seconds.
  path: Assets/POLYGON city pack/Prefabs/Buildings/Building_I_2_Prefab.prefab
  artifactKey: Guid(1e198ff9400b5064c816d8f779eff296) Importer(815301076,1909f56bfc062723c751e8b465ee728b)
Start importing Assets/POLYGON city pack/Prefabs/Buildings/Building_I_2_Prefab.prefab using Guid(1e198ff9400b5064c816d8f779eff296) Importer(815301076,1909f56bfc062723c751e8b465ee728b)  -> (artifact id: 'f9b386cae9617bdcf91aa61202d7908a') in 0.024045 seconds 
  Import took 0.028666 seconds .

========================================================================
Received Import Request.
  Time since last request: 0.000278 seconds.
  path: Assets/POLYGON city pack/Prefabs/Buildings/Building_K_prefab.prefab
  artifactKey: Guid(ac16a24c584766f4e905adc7db85b93d) Importer(815301076,1909f56bfc062723c751e8b465ee728b)
Start importing Assets/POLYGON city pack/Prefabs/Buildings/Building_K_prefab.prefab using Guid(ac16a24c584766f4e905adc7db85b93d) Importer(815301076,1909f56bfc062723c751e8b465ee728b)  -> (artifact id: '7d5fdaebc319f5d5305f876cb91e8f64') in 0.041908 seconds 
  Import took 0.045800 seconds .

========================================================================
Received Import Request.
  Time since last request: 0.000259 seconds.
  path: Assets/POLYGON city pack/Prefabs/Buildings/Building_A_prefab.prefab
  artifactKey: Guid(ba33f5f0a254c9443956b40146028648) Importer(815301076,1909f56bfc062723c751e8b465ee728b)
Start importing Assets/POLYGON city pack/Prefabs/Buildings/Building_A_prefab.prefab using Guid(ba33f5f0a254c9443956b40146028648) Importer(815301076,1909f56bfc062723c751e8b465ee728b)  -> (artifact id: 'b53bce2acd25ad7fe165ee3038518335') in 0.024910 seconds 
  Import took 0.028561 seconds .

========================================================================
Received Import Request.
  Time since last request: 0.000245 seconds.
  path: Assets/POLYGON city pack/Prefabs/Buildings/Building_F_prefab.prefab
  artifactKey: Guid(406aca78ed1cb18449485b10b9cffa85) Importer(815301076,1909f56bfc062723c751e8b465ee728b)
Start importing Assets/POLYGON city pack/Prefabs/Buildings/Building_F_prefab.prefab using Guid(406aca78ed1cb18449485b10b9cffa85) Importer(815301076,1909f56bfc062723c751e8b465ee728b)  -> (artifact id: '8b7af72930328e25ddbded32a3960b8b') in 0.061188 seconds 
  Import took 0.064561 seconds .

========================================================================
Received Import Request.
  Time since last request: 0.000231 seconds.
  path: Assets/POLYGON city pack/Prefabs/Buildings/Building_I_1_prefab.prefab
  artifactKey: Guid(931ecb32d754b3f40afc9a688c8cea66) Importer(815301076,1909f56bfc062723c751e8b465ee728b)
Start importing Assets/POLYGON city pack/Prefabs/Buildings/Building_I_1_prefab.prefab using Guid(931ecb32d754b3f40afc9a688c8cea66) Importer(815301076,1909f56bfc062723c751e8b465ee728b)  -> (artifact id: '0a20b3e7121df4da1c5f67295619f6de') in 0.025673 seconds 
  Import took 0.029825 seconds .

========================================================================
Received Import Request.
  Time since last request: 0.000393 seconds.
  path: Assets/POLYGON city pack/Prefabs/Buildings/Building_O_PREFAB.prefab
  artifactKey: Guid(4410dff019705d648959a9ceea02bfbb) Importer(815301076,1909f56bfc062723c751e8b465ee728b)
Start importing Assets/POLYGON city pack/Prefabs/Buildings/Building_O_PREFAB.prefab using Guid(4410dff019705d648959a9ceea02bfbb) Importer(815301076,1909f56bfc062723c751e8b465ee728b)  -> (artifact id: 'acd88f073f4138205ed140f172da7052') in 0.030155 seconds 
  Import took 0.034250 seconds .

========================================================================
Received Import Request.
  Time since last request: 0.000268 seconds.
  path: Assets/POLYGON city pack/Prefabs/Buildings/Building_B1_prefab.prefab
  artifactKey: Guid(a60988b24f8ff094ba511054edf48a9d) Importer(815301076,1909f56bfc062723c751e8b465ee728b)
Start importing Assets/POLYGON city pack/Prefabs/Buildings/Building_B1_prefab.prefab using Guid(a60988b24f8ff094ba511054edf48a9d) Importer(815301076,1909f56bfc062723c751e8b465ee728b)  -> (artifact id: '6538e4c71234073e769b482f46884791') in 0.024710 seconds 
  Import took 0.028533 seconds .

========================================================================
Received Import Request.
  Time since last request: 0.000277 seconds.
  path: Assets/POLYGON city pack/Prefabs/Buildings/Building_M_prefab.prefab
  artifactKey: Guid(84bb406b82cecb24cb1ffe5d4359339d) Importer(815301076,1909f56bfc062723c751e8b465ee728b)
Start importing Assets/POLYGON city pack/Prefabs/Buildings/Building_M_prefab.prefab using Guid(84bb406b82cecb24cb1ffe5d4359339d) Importer(815301076,1909f56bfc062723c751e8b465ee728b)  -> (artifact id: 'fdead6a4da874dff8d3981f32f1a946e') in 0.061915 seconds 
  Import took 0.065132 seconds .

========================================================================
Received Import Request.
  Time since last request: 0.000249 seconds.
  path: Assets/POLYGON city pack/Prefabs/Buildings/Building_H_prefab.prefab
  artifactKey: Guid(c8c7944afbb63f548bf2b2bddd8a848f) Importer(815301076,1909f56bfc062723c751e8b465ee728b)
Start importing Assets/POLYGON city pack/Prefabs/Buildings/Building_H_prefab.prefab using Guid(c8c7944afbb63f548bf2b2bddd8a848f) Importer(815301076,1909f56bfc062723c751e8b465ee728b)  -> (artifact id: 'ec0bddeb8eeedd43a2c0c36ade41c6f2') in 0.024648 seconds 
  Import took 0.028463 seconds .

========================================================================
Received Import Request.
  Time since last request: 0.000314 seconds.
  path: Assets/POLYGON city pack/Prefabs/Buildings/Building_R_Prefab.prefab
  artifactKey: Guid(332e08e35cda1b84e8c36c123299b8ac) Importer(815301076,1909f56bfc062723c751e8b465ee728b)
Start importing Assets/POLYGON city pack/Prefabs/Buildings/Building_R_Prefab.prefab using Guid(332e08e35cda1b84e8c36c123299b8ac) Importer(815301076,1909f56bfc062723c751e8b465ee728b)  -> (artifact id: '3e7ef01da1f0879a767fe5aa02ac677d') in 0.025856 seconds 
  Import took 0.029165 seconds .

========================================================================
Received Import Request.
  Time since last request: 0.000292 seconds.
  path: Assets/POLYGON city pack/Prefabs/Buildings/Bank_prefab.prefab
  artifactKey: Guid(2c1f60045e2f58f48966f8cea8354944) Importer(815301076,1909f56bfc062723c751e8b465ee728b)
Start importing Assets/POLYGON city pack/Prefabs/Buildings/Bank_prefab.prefab using Guid(2c1f60045e2f58f48966f8cea8354944) Importer(815301076,1909f56bfc062723c751e8b465ee728b)  -> (artifact id: 'e8fe375d7edbad8e77a1747b34f278f2') in 0.025986 seconds 
  Import took 0.029804 seconds .

========================================================================
Received Import Request.
  Time since last request: 0.000291 seconds.
  path: Assets/POLYGON city pack/Prefabs/Buildings/Building_A1_prefab.prefab
  artifactKey: Guid(562df8355904213468a690c4ce6740b6) Importer(815301076,1909f56bfc062723c751e8b465ee728b)
Start importing Assets/POLYGON city pack/Prefabs/Buildings/Building_A1_prefab.prefab using Guid(562df8355904213468a690c4ce6740b6) Importer(815301076,1909f56bfc062723c751e8b465ee728b)  -> (artifact id: 'fdaca5b6ea57b0680d480154d1974c2f') in 0.025133 seconds 
  Import took 0.028683 seconds .

========================================================================
Received Import Request.
  Time since last request: 0.000247 seconds.
  path: Assets/POLYGON city pack/Prefabs/Buildings/Building_p_prefab.prefab
  artifactKey: Guid(cb91b3980066872409d19e753a241063) Importer(815301076,1909f56bfc062723c751e8b465ee728b)
Start importing Assets/POLYGON city pack/Prefabs/Buildings/Building_p_prefab.prefab using Guid(cb91b3980066872409d19e753a241063) Importer(815301076,1909f56bfc062723c751e8b465ee728b)  -> (artifact id: '57577f523548a1cdb52d7c18344bb28e') in 0.024905 seconds 
  Import took 0.028401 seconds .

========================================================================
Received Import Request.
  Time since last request: 0.000241 seconds.
  path: Assets/POLYGON city pack/Prefabs/Buildings/Building_C1_prefab.prefab
  artifactKey: Guid(1fbdccb55fd15bc4f92646bd818aca51) Importer(815301076,1909f56bfc062723c751e8b465ee728b)
Start importing Assets/POLYGON city pack/Prefabs/Buildings/Building_C1_prefab.prefab using Guid(1fbdccb55fd15bc4f92646bd818aca51) Importer(815301076,1909f56bfc062723c751e8b465ee728b)  -> (artifact id: 'e32163d8c1e2f9688031a97221a7825a') in 0.026939 seconds 
  Import took 0.030671 seconds .

========================================================================
Received Import Request.
  Time since last request: 0.000271 seconds.
  path: Assets/POLYGON city pack/Prefabs/Buildings/Build_G-Left_Prefab.prefab
  artifactKey: Guid(445da40af79ed8241871555db3d63e27) Importer(815301076,1909f56bfc062723c751e8b465ee728b)
Start importing Assets/POLYGON city pack/Prefabs/Buildings/Build_G-Left_Prefab.prefab using Guid(445da40af79ed8241871555db3d63e27) Importer(815301076,1909f56bfc062723c751e8b465ee728b)  -> (artifact id: 'a43efd9e8dd280d603a67961bbaf2b30') in 0.023658 seconds 
  Import took 0.027235 seconds .

========================================================================
Received Import Request.
  Time since last request: 0.000253 seconds.
  path: Assets/POLYGON city pack/Prefabs/Buildings/Building_N_Prefab.prefab
  artifactKey: Guid(bbad862e7e06efe4a8ad0346a53e3cde) Importer(815301076,1909f56bfc062723c751e8b465ee728b)
Start importing Assets/POLYGON city pack/Prefabs/Buildings/Building_N_Prefab.prefab using Guid(bbad862e7e06efe4a8ad0346a53e3cde) Importer(815301076,1909f56bfc062723c751e8b465ee728b)  -> (artifact id: '88f4ec0a10482cbf80c2d90f1c82f304') in 0.036997 seconds 
  Import took 0.040809 seconds .

========================================================================
Received Import Request.
  Time since last request: 0.000269 seconds.
  path: Assets/POLYGON city pack/Prefabs/Buildings/Building_Q_prefab.prefab
  artifactKey: Guid(984e7c3587655ac489a642619bb3ef24) Importer(815301076,1909f56bfc062723c751e8b465ee728b)
Start importing Assets/POLYGON city pack/Prefabs/Buildings/Building_Q_prefab.prefab using Guid(984e7c3587655ac489a642619bb3ef24) Importer(815301076,1909f56bfc062723c751e8b465ee728b)  -> (artifact id: 'f6b488a53f8aaa53e0b0f93ec0ec5f35') in 0.060081 seconds 
  Import took 0.063773 seconds .

========================================================================
Received Import Request.
  Time since last request: 0.000270 seconds.
  path: Assets/POLYGON city pack/Prefabs/Buildings/Building_B_prefab.prefab
  artifactKey: Guid(62788775cce139e4abe5fdd7071ead29) Importer(815301076,1909f56bfc062723c751e8b465ee728b)
Start importing Assets/POLYGON city pack/Prefabs/Buildings/Building_B_prefab.prefab using Guid(62788775cce139e4abe5fdd7071ead29) Importer(815301076,1909f56bfc062723c751e8b465ee728b)  -> (artifact id: 'cdeb4eaa656ca64df50a6ccad1515d2f') in 0.027505 seconds 
  Import took 0.031028 seconds .

========================================================================
Received Import Request.
  Time since last request: 0.000318 seconds.
  path: Assets/POLYGON city pack/Prefabs/Buildings/Build_G-right_Prefab.prefab
  artifactKey: Guid(19427fc607e7e5645a1f1fe831d3add4) Importer(815301076,1909f56bfc062723c751e8b465ee728b)
Start importing Assets/POLYGON city pack/Prefabs/Buildings/Build_G-right_Prefab.prefab using Guid(19427fc607e7e5645a1f1fe831d3add4) Importer(815301076,1909f56bfc062723c751e8b465ee728b)  -> (artifact id: 'a5272ed35c24c45d07fa5d1fe06fdde6') in 0.023144 seconds 
  Import took 0.027414 seconds .

========================================================================
Received Import Request.
  Time since last request: 0.000741 seconds.
  path: Assets/POLYGON city pack/Prefabs/Buildings/Building_J_prefab.prefab
  artifactKey: Guid(7d569c6acdec3c2428d7b39889d89720) Importer(815301076,1909f56bfc062723c751e8b465ee728b)
Start importing Assets/POLYGON city pack/Prefabs/Buildings/Building_J_prefab.prefab using Guid(7d569c6acdec3c2428d7b39889d89720) Importer(815301076,1909f56bfc062723c751e8b465ee728b)  -> (artifact id: '65baac907bde1d7f3623a9845b3dbadd') in 0.025924 seconds 
  Import took 0.029302 seconds .

========================================================================
Received Import Request.
  Time since last request: 0.000250 seconds.
  path: Assets/POLYGON city pack/Prefabs/Buildings/Build_G-middle_Prefab.prefab
  artifactKey: Guid(ebaffde1b4ae7fb47849063a9a520747) Importer(815301076,1909f56bfc062723c751e8b465ee728b)
Start importing Assets/POLYGON city pack/Prefabs/Buildings/Build_G-middle_Prefab.prefab using Guid(ebaffde1b4ae7fb47849063a9a520747) Importer(815301076,1909f56bfc062723c751e8b465ee728b)  -> (artifact id: '92e5c1b7ed4565bfe9788f18fec23373') in 0.023769 seconds 
  Import took 0.027900 seconds .

========================================================================
Received Import Request.
  Time since last request: 0.000304 seconds.
  path: Assets/POLYGON city pack/Prefabs/Buildings/Building_D_prefab.prefab
  artifactKey: Guid(7df26aa64e4b3fc48933a809e1a48078) Importer(815301076,1909f56bfc062723c751e8b465ee728b)
Start importing Assets/POLYGON city pack/Prefabs/Buildings/Building_D_prefab.prefab using Guid(7df26aa64e4b3fc48933a809e1a48078) Importer(815301076,1909f56bfc062723c751e8b465ee728b)  -> (artifact id: '626dbcd733e550beb7c008dea63631df') in 0.027409 seconds 
  Import took 0.031391 seconds .

========================================================================
Received Import Request.
  Time since last request: 0.000432 seconds.
  path: Assets/POLYGON city pack/Prefabs/Buildings/Building_E_prefab.prefab
  artifactKey: Guid(5b71bcfe27faa8a4a9ec939bb5377114) Importer(815301076,1909f56bfc062723c751e8b465ee728b)
Start importing Assets/POLYGON city pack/Prefabs/Buildings/Building_E_prefab.prefab using Guid(5b71bcfe27faa8a4a9ec939bb5377114) Importer(815301076,1909f56bfc062723c751e8b465ee728b)  -> (artifact id: '0a202e41835c71ad75eb9098f741b125') in 0.023207 seconds 
  Import took 0.026818 seconds .

========================================================================
Received Import Request.
  Time since last request: 13.806065 seconds.
  path: Assets/POLYGON city pack/Prefabs/Buildings/Building_S_prefab.prefab
  artifactKey: Guid(c637a821140f92a4dbb62e352cf8f140) Importer(815301076,1909f56bfc062723c751e8b465ee728b)
Start importing Assets/POLYGON city pack/Prefabs/Buildings/Building_S_prefab.prefab using Guid(c637a821140f92a4dbb62e352cf8f140) Importer(815301076,1909f56bfc062723c751e8b465ee728b)  -> (artifact id: '06ca16d2db5f392613cf3aeb07ac192e') in 0.021464 seconds 
  Import took 0.025878 seconds .

========================================================================
Received Import Request.
  Time since last request: 0.000278 seconds.
  path: Assets/POLYGON city pack/Prefabs/Buildings/Building_W_prefab.prefab
  artifactKey: Guid(daa1a100f65deb34787ae1bb55d44a76) Importer(815301076,1909f56bfc062723c751e8b465ee728b)
Start importing Assets/POLYGON city pack/Prefabs/Buildings/Building_W_prefab.prefab using Guid(daa1a100f65deb34787ae1bb55d44a76) Importer(815301076,1909f56bfc062723c751e8b465ee728b)  -> (artifact id: '6b32a6540aed27996a0e2c4fe4e114cb') in 0.023464 seconds 
  Import took 0.027878 seconds .

========================================================================
Received Import Request.
  Time since last request: 0.000281 seconds.
  path: Assets/POLYGON city pack/Prefabs/Buildings/Building_u_prefab.prefab
  artifactKey: Guid(150fadf88f51c2b4b9b7b62af8d39db9) Importer(815301076,1909f56bfc062723c751e8b465ee728b)
Start importing Assets/POLYGON city pack/Prefabs/Buildings/Building_u_prefab.prefab using Guid(150fadf88f51c2b4b9b7b62af8d39db9) Importer(815301076,1909f56bfc062723c751e8b465ee728b)  -> (artifact id: '7836dd68a0acf6c471c7e3e15b9b97e4') in 0.025385 seconds 
  Import took 0.029698 seconds .

========================================================================
Received Import Request.
  Time since last request: 0.000251 seconds.
  path: Assets/POLYGON city pack/Prefabs/Buildings/building_X_prefab.prefab
  artifactKey: Guid(1c6290f76fd11c74fa326bdf8cd95a9f) Importer(815301076,1909f56bfc062723c751e8b465ee728b)
Start importing Assets/POLYGON city pack/Prefabs/Buildings/building_X_prefab.prefab using Guid(1c6290f76fd11c74fa326bdf8cd95a9f) Importer(815301076,1909f56bfc062723c751e8b465ee728b)  -> (artifact id: '3f418d081cf87aea3e1790b390ea2e45') in 0.027488 seconds 
  Import took 0.031276 seconds .

========================================================================
Received Import Request.
  Time since last request: 0.000260 seconds.
  path: Assets/POLYGON city pack/Prefabs/Buildings/Building_V_prefab.prefab
  artifactKey: Guid(95aaceaac899f9a47aea3a9744ce9c20) Importer(815301076,1909f56bfc062723c751e8b465ee728b)
Start importing Assets/POLYGON city pack/Prefabs/Buildings/Building_V_prefab.prefab using Guid(95aaceaac899f9a47aea3a9744ce9c20) Importer(815301076,1909f56bfc062723c751e8b465ee728b)  -> (artifact id: 'ea95c8226f19c4711abf5607d9c718d4') in 0.025006 seconds 
  Import took 0.029575 seconds .

========================================================================
Received Import Request.
  Time since last request: 0.000472 seconds.
  path: Assets/POLYGON city pack/Prefabs/Buildings/Building_T_prefab.prefab
  artifactKey: Guid(90045d2ccf59b6f45afd8bab908bb038) Importer(815301076,1909f56bfc062723c751e8b465ee728b)
Start importing Assets/POLYGON city pack/Prefabs/Buildings/Building_T_prefab.prefab using Guid(90045d2ccf59b6f45afd8bab908bb038) Importer(815301076,1909f56bfc062723c751e8b465ee728b)  -> (artifact id: '92f142740d935310691965b211eceb19') in 0.024425 seconds 
  Import took 0.028929 seconds .

========================================================================
Received Import Request.
  Time since last request: 0.200548 seconds.
  path: Assets/POLYGON city pack/Prefabs/Buildings/Building_Y_prefab.prefab
  artifactKey: Guid(b62a88683020bad4f88cd9c883281901) Importer(815301076,1909f56bfc062723c751e8b465ee728b)
Start importing Assets/POLYGON city pack/Prefabs/Buildings/Building_Y_prefab.prefab using Guid(b62a88683020bad4f88cd9c883281901) Importer(815301076,1909f56bfc062723c751e8b465ee728b)  -> (artifact id: '7435e98cd9d1a1259b953e6f41d336b8') in 0.058076 seconds 
  Import took 0.062677 seconds .

========================================================================
Received Import Request.
  Time since last request: 0.000271 seconds.
  path: Assets/POLYGON city pack/Prefabs/Buildings/Gas_station_A_PREFAB.prefab
  artifactKey: Guid(01bbe20c855564648b02e0092e511cac) Importer(815301076,1909f56bfc062723c751e8b465ee728b)
Start importing Assets/POLYGON city pack/Prefabs/Buildings/Gas_station_A_PREFAB.prefab using Guid(01bbe20c855564648b02e0092e511cac) Importer(815301076,1909f56bfc062723c751e8b465ee728b)  -> (artifact id: 'e286dedc1c154c5e7efaa632c41bde3d') in 0.033363 seconds 
  Import took 0.036804 seconds .

========================================================================
Received Import Request.
  Time since last request: 0.000258 seconds.
  path: Assets/POLYGON city pack/Prefabs/Buildings/Car_repair_prefab.prefab
  artifactKey: Guid(9094aa5ae2e324346997aa2ea9ad7930) Importer(815301076,1909f56bfc062723c751e8b465ee728b)
Start importing Assets/POLYGON city pack/Prefabs/Buildings/Car_repair_prefab.prefab using Guid(9094aa5ae2e324346997aa2ea9ad7930) Importer(815301076,1909f56bfc062723c751e8b465ee728b)  -> (artifact id: '483d6e3b503f3c290b7e584449caa902') in 0.038995 seconds 
  Import took 0.042626 seconds .

========================================================================
Received Import Request.
  Time since last request: 0.000260 seconds.
  path: Assets/POLYGON city pack/Prefabs/Buildings/Motel_prefab.prefab
  artifactKey: Guid(d9ae8f6b23fb5a54584fb5b5ada007dc) Importer(815301076,1909f56bfc062723c751e8b465ee728b)
Start importing Assets/POLYGON city pack/Prefabs/Buildings/Motel_prefab.prefab using Guid(d9ae8f6b23fb5a54584fb5b5ada007dc) Importer(815301076,1909f56bfc062723c751e8b465ee728b)  -> (artifact id: '5ec8a27a03de68ec90d400d2e2809da9') in 0.027866 seconds 
  Import took 0.031417 seconds .

========================================================================
Received Import Request.
  Time since last request: 0.000253 seconds.
  path: Assets/POLYGON city pack/Prefabs/Buildings/Police_station_prefab.prefab
  artifactKey: Guid(28e73319f340c644db3fdb95596c6596) Importer(815301076,1909f56bfc062723c751e8b465ee728b)
Start importing Assets/POLYGON city pack/Prefabs/Buildings/Police_station_prefab.prefab using Guid(28e73319f340c644db3fdb95596c6596) Importer(815301076,1909f56bfc062723c751e8b465ee728b)  -> (artifact id: 'e005a560f53bf45559c2d250bf4eff22') in 0.029846 seconds 
  Import took 0.033998 seconds .

========================================================================
Received Import Request.
  Time since last request: 0.000258 seconds.
  path: Assets/POLYGON city pack/Prefabs/Buildings/Hospital_prefab.prefab
  artifactKey: Guid(03f4debef6f82ef43b174ff67987c532) Importer(815301076,1909f56bfc062723c751e8b465ee728b)
Start importing Assets/POLYGON city pack/Prefabs/Buildings/Hospital_prefab.prefab using Guid(03f4debef6f82ef43b174ff67987c532) Importer(815301076,1909f56bfc062723c751e8b465ee728b)  -> (artifact id: '14ab04ca1fcf457aaa4380020ac62a3b') in 0.032485 seconds 
  Import took 0.036187 seconds .

========================================================================
Received Import Request.
  Time since last request: 0.000339 seconds.
  path: Assets/POLYGON city pack/Prefabs/Buildings/Shop_A_prefab.prefab
  artifactKey: Guid(49e4fbb0397806849a4871cd85eaca26) Importer(815301076,1909f56bfc062723c751e8b465ee728b)
Start importing Assets/POLYGON city pack/Prefabs/Buildings/Shop_A_prefab.prefab using Guid(49e4fbb0397806849a4871cd85eaca26) Importer(815301076,1909f56bfc062723c751e8b465ee728b)  -> (artifact id: 'f6970cc6b1e98ae40dd2624d6fe8a6db') in 0.108216 seconds 
  Import took 0.111815 seconds .

========================================================================
Received Import Request.
  Time since last request: 0.000283 seconds.
  path: Assets/POLYGON city pack/Prefabs/Buildings/Shop_C_prefab.prefab
  artifactKey: Guid(1b917d070ca78d8458d7db3681a2c913) Importer(815301076,1909f56bfc062723c751e8b465ee728b)
Start importing Assets/POLYGON city pack/Prefabs/Buildings/Shop_C_prefab.prefab using Guid(1b917d070ca78d8458d7db3681a2c913) Importer(815301076,1909f56bfc062723c751e8b465ee728b)  -> (artifact id: 'c0d6660446e08fe7a80964a1fff50bc8') in 0.076616 seconds 
  Import took 0.080575 seconds .

========================================================================
Received Import Request.
  Time since last request: 0.000347 seconds.
  path: Assets/POLYGON city pack/Prefabs/Buildings/Shop_B_prefab.prefab
  artifactKey: Guid(9a52ba64c3a0abf49ad9515917ade04b) Importer(815301076,1909f56bfc062723c751e8b465ee728b)
Start importing Assets/POLYGON city pack/Prefabs/Buildings/Shop_B_prefab.prefab using Guid(9a52ba64c3a0abf49ad9515917ade04b) Importer(815301076,1909f56bfc062723c751e8b465ee728b)  -> (artifact id: 'c0979a870ab96d4c22d598fc7311a548') in 0.249358 seconds 
  Import took 0.252878 seconds .

========================================================================
Received Import Request.
  Time since last request: 0.000260 seconds.
  path: Assets/POLYGON city pack/Prefabs/Buildings/Fire_department_prefab.prefab
  artifactKey: Guid(7eb437ce89e76c640809f70f15bde317) Importer(815301076,1909f56bfc062723c751e8b465ee728b)
Start importing Assets/POLYGON city pack/Prefabs/Buildings/Fire_department_prefab.prefab using Guid(7eb437ce89e76c640809f70f15bde317) Importer(815301076,1909f56bfc062723c751e8b465ee728b)  -> (artifact id: 'd69bc487b0df22510c229e99899d6f4f') in 0.026527 seconds 
  Import took 0.030184 seconds .

========================================================================
Received Import Request.
  Time since last request: 0.000427 seconds.
  path: Assets/POLYGON city pack/Prefabs/Buildings/Parking_checkOut_prefab.prefab
  artifactKey: Guid(b8c04fd14b199f34a802353a72a0af44) Importer(815301076,1909f56bfc062723c751e8b465ee728b)
Start importing Assets/POLYGON city pack/Prefabs/Buildings/Parking_checkOut_prefab.prefab using Guid(b8c04fd14b199f34a802353a72a0af44) Importer(815301076,1909f56bfc062723c751e8b465ee728b)  -> (artifact id: 'f91cf0acad6f751713ba3f6053ccae57') in 0.024686 seconds 
  Import took 0.028447 seconds .

========================================================================
Received Import Request.
  Time since last request: 0.000436 seconds.
  path: Assets/POLYGON city pack/Prefabs/Buildings/Building_Z_Prefab.prefab
  artifactKey: Guid(a6cd0c657da915144bd367d385c0fc31) Importer(815301076,1909f56bfc062723c751e8b465ee728b)
Start importing Assets/POLYGON city pack/Prefabs/Buildings/Building_Z_Prefab.prefab using Guid(a6cd0c657da915144bd367d385c0fc31) Importer(815301076,1909f56bfc062723c751e8b465ee728b)  -> (artifact id: '28725bc762ccae846052af4ba371d0d1') in 0.036308 seconds 
  Import took 0.040343 seconds .

========================================================================
Received Import Request.
  Time since last request: 0.000553 seconds.
  path: Assets/POLYGON city pack/Prefabs/Buildings/Bulding_C_prefab 1.prefab
  artifactKey: Guid(80f1713dca16e654abd9002f6e9f5627) Importer(815301076,1909f56bfc062723c751e8b465ee728b)
Start importing Assets/POLYGON city pack/Prefabs/Buildings/Bulding_C_prefab 1.prefab using Guid(80f1713dca16e654abd9002f6e9f5627) Importer(815301076,1909f56bfc062723c751e8b465ee728b)  -> (artifact id: '846444b20f02248a0f2ae92947ae1062') in 0.027257 seconds 
  Import took 0.031069 seconds .

========================================================================
Received Import Request.
  Time since last request: 0.000639 seconds.
  path: Assets/POLYGON city pack/Prefabs/Buildings/Supermaket_prefab.prefab
  artifactKey: Guid(c6e50eec7153f5b45ac3917fb6cfd06a) Importer(815301076,1909f56bfc062723c751e8b465ee728b)
Start importing Assets/POLYGON city pack/Prefabs/Buildings/Supermaket_prefab.prefab using Guid(c6e50eec7153f5b45ac3917fb6cfd06a) Importer(815301076,1909f56bfc062723c751e8b465ee728b)  -> (artifact id: '01cf34bd8f0439f64d0b916d108715eb') in 0.068296 seconds 
  Import took 0.072150 seconds .

========================================================================
Received Prepare
Registering precompiled user dll's ...
Registered in 0.003295 seconds.
Begin MonoManager ReloadAssembly
Native extension for WindowsStandalone target not found
Refreshing native plugins compatible for Editor in 1.09 ms, found 2 plugins.
Preloading 0 native plugins for Editor in 0.00 ms.
Mono: successfully reloaded assembly
- Completed reload, in  0.898 seconds
Domain Reload Profiling:
	ReloadAssembly (898ms)
		BeginReloadAssembly (117ms)
			ExecutionOrderSort (0ms)
			DisableScriptedObjects (4ms)
			BackupInstance (0ms)
			ReleaseScriptingObjects (0ms)
			CreateAndSetChildDomain (42ms)
		EndReloadAssembly (721ms)
			LoadAssemblies (81ms)
			RebuildTransferFunctionScriptingTraits (0ms)
			SetupTypeCache (236ms)
			ReleaseScriptCaches (1ms)
			RebuildScriptCaches (32ms)
			SetupLoadedEditorAssemblies (291ms)
				LogAssemblyErrors (0ms)
				InitializePlatformSupportModulesInManaged (5ms)
				SetLoadedEditorAssemblies (0ms)
				RefreshPlugins (1ms)
				BeforeProcessingInitializeOnLoad (75ms)
				ProcessInitializeOnLoadAttributes (198ms)
				ProcessInitializeOnLoadMethodAttributes (4ms)
				AfterProcessingInitializeOnLoad (6ms)
				EditorAssembliesLoaded (0ms)
			ExecutionOrderSort2 (0ms)
			AwakeInstancesAfterBackupRestoration (7ms)
Platform modules already initialized, skipping
Refreshing native plugins compatible for Editor in 0.87 ms, found 2 plugins.
Preloading 0 native plugins for Editor in 0.00 ms.
Unloading 1511 Unused Serialized files (Serialized files now loaded: 0)
System memory in use before: 87.1 MB.
System memory in use after: 82.9 MB.

Unloading 31 unused Assets to reduce memory usage. Loaded Objects now: 1996.
Total: 6.684700 ms (FindLiveObjects: 0.326900 ms CreateObjectMapping: 0.039600 ms MarkObjects: 3.091400 ms  DeleteObjects: 3.225200 ms)

AssetImportParameters requested are different than current active one (requested -> active):
  custom:framework-win-MediaFoundation: 216162199b28c13a410421893ffa2e32 -> 
  custom:video-decoder-ogg-theora: a1e56fd34408186e4bbccfd4996cb3dc -> 
  custom:container-muxer-webm: aa71ff27fc2769a1b78a27578f13a17b -> 
  custom:container-demuxer-webm: 4f35f7cbe854078d1ac9338744f61a02 -> 
  custom:container-demuxer-ogg: 62fdf1f143b41e24485cea50d1cbac27 -> 
  custom:video-encoder-webm-vp8: eb34c28f22e8b96e1ab97ce403110664 -> 
  custom:video-codec-MediaFoundation-h265: 746d11721c4dcdbdad8f713fa42b33f4 -> 
  custom:video-decoder-webm-vp8: 9c59270c3fd7afecdb556c50c9e8de78 -> 
  custom:audio-decoder-ogg-vorbis: bf7c407c2cedff20999df2af8eb42d56 -> 
  custom:audio-encoder-webm-vorbis: bf7c407c2cedff20999df2af8eb42d56 -> 
AssetImportWorkerClient::OnTransportError - code=2 error=End of file
